## Scan started as: "testssl.sh --log https://badssl.com"
## at Hoth:/opt/homebrew/opt/openssl@3/bin/openssl
## version testssl: 3.2.2 a73210a from 2026-02-26
## version openssl: "3.6.0" from "Wed Oct 1 12:11:48 2025")

[7m Start 2026-03-08 18:32:33        -->> 104.154.89.105:443 (badssl.com) <<--[m

 rDNS (104.154.89.105):  105.89.154.104.bc.googleusercontent.com.
 Service detected:       HTTP

[1m[4m Testing protocols [m[4mvia sockets except NPN+ALPN [m

[1m SSLv2      [m[1;32mnot offered (OK)[m
[1m SSLv3      [m[1;32mnot offered (OK)[m
[1m TLS 1      [m[1;33moffered[m (deprecated)
[1m TLS 1.1    [m[1;33moffered[m (deprecated)
[1m TLS 1.2    [m[1;32moffered (OK)[m
[1m TLS 1.3    [mnot offered and downgraded to a weaker protocol
[1m NPN/SPDY   [mhttp/1.1 (advertised)
[1m ALPN/HTTP2 [mhttp/1.1 (offered)

[1m[4m Testing cipher categories [m

[1m NULL ciphers (no encryption)                      [m[1;32mnot offered (OK)[m
[1m Anonymous NULL Ciphers (no authentication)        [m[1;32mnot offered (OK)[m
[1m Export ciphers (w/o ADH+NULL)                     [m[1;32mnot offered (OK)[m
[1m LOW: 64 Bit + DES, RC[2,4], MD5 (w/o export)      [m[0;32mnot offered (OK)[m
[1m Triple DES Ciphers / IDEA                         [m[0;33moffered[m
[1m Obsoleted CBC ciphers (AES, ARIA etc.)            [m[1;33moffered[m
[1m Strong encryption (AEAD ciphers) with no FS       [m[0;32moffered (OK)[m
[1m Forward Secrecy strong encryption (AEAD ciphers)  [m[1;32moffered (OK)[m


[1m[4m Testing server's cipher preferences [m

Hexcode  Cipher Suite Name (OpenSSL)       KeyExch.   Encryption  Bits     Cipher Suite Name (IANA/RFC)
-----------------------------------------------------------------------------------------------------------------------------
[4mSSLv2[m
 - 
[4mSSLv3[m
 - 
[4mTLSv1[m (server order)
 xc013   ECDHE-RSA-AES128-SHA              ECDH[0;32m 256[m   AES         128      TLS_ECDHE_RSA_WITH_AES_128_CBC_SHA                 
 xc014   ECDHE-RSA-AES256-SHA              ECDH[0;32m 256[m   AES         256      TLS_ECDHE_RSA_WITH_AES_256_CBC_SHA                 
 x33     DHE-RSA-AES128-SHA                DH[0;32m 2048[m    AES         128      TLS_DHE_RSA_WITH_AES_128_CBC_SHA                   
 x39     DHE-RSA-AES256-SHA                DH[0;32m 2048[m    AES         256      TLS_DHE_RSA_WITH_AES_256_CBC_SHA                   
 xc012   ECDHE-RSA-DES-CBC3-SHA            ECDH[0;32m 256[m   3DES        168      TLS_ECDHE_RSA_WITH_3DES_EDE_CBC_SHA                
 x2f     AES128-SHA                        RSA        AES         128      TLS_RSA_WITH_AES_128_CBC_SHA                       
 x35     AES256-SHA                        RSA        AES         256      TLS_RSA_WITH_AES_256_CBC_SHA                       
 x0a     DES-CBC3-SHA                      RSA        3DES        168      TLS_RSA_WITH_3DES_EDE_CBC_SHA                      
 x88     DHE-RSA-CAMELLIA256-SHA           DH[0;32m 2048[m    Camellia    256      TLS_DHE_RSA_WITH_CAMELLIA_256_CBC_SHA              
 x84     CAMELLIA256-SHA                   RSA        Camellia    256      TLS_RSA_WITH_CAMELLIA_256_CBC_SHA                  
 x45     DHE-RSA-CAMELLIA128-SHA           DH[0;32m 2048[m    Camellia    128      TLS_DHE_RSA_WITH_CAMELLIA_128_CBC_SHA              
 x41     CAMELLIA128-SHA                   RSA        Camellia    128      TLS_RSA_WITH_CAMELLIA_128_CBC_SHA                  
[4mTLSv1.1[m (server order)
 xc013   ECDHE-RSA-AES128-SHA              ECDH[0;32m 256[m   AES         128      TLS_ECDHE_RSA_WITH_AES_128_CBC_SHA                 
 xc014   ECDHE-RSA-AES256-SHA              ECDH[0;32m 256[m   AES         256      TLS_ECDHE_RSA_WITH_AES_256_CBC_SHA                 
 x33     DHE-RSA-AES128-SHA                DH[0;32m 2048[m    AES         128      TLS_DHE_RSA_WITH_AES_128_CBC_SHA                   
 x39     DHE-RSA-AES256-SHA                DH[0;32m 2048[m    AES         256      TLS_DHE_RSA_WITH_AES_256_CBC_SHA                   
 xc012   ECDHE-RSA-DES-CBC3-SHA            ECDH[0;32m 256[m   3DES        168      TLS_ECDHE_RSA_WITH_3DES_EDE_CBC_SHA                
 x2f     AES128-SHA                        RSA        AES         128      TLS_RSA_WITH_AES_128_CBC_SHA                       
 x35     AES256-SHA                        RSA        AES         256      TLS_RSA_WITH_AES_256_CBC_SHA                       
 x0a     DES-CBC3-SHA                      RSA        3DES        168      TLS_RSA_WITH_3DES_EDE_CBC_SHA                      
 x88     DHE-RSA-CAMELLIA256-SHA           DH[0;32m 2048[m    Camellia    256      TLS_DHE_RSA_WITH_CAMELLIA_256_CBC_SHA              
 x84     CAMELLIA256-SHA                   RSA        Camellia    256      TLS_RSA_WITH_CAMELLIA_256_CBC_SHA                  
 x45     DHE-RSA-CAMELLIA128-SHA           DH[0;32m 2048[m    Camellia    128      TLS_DHE_RSA_WITH_CAMELLIA_128_CBC_SHA              
 x41     CAMELLIA128-SHA                   RSA        Camellia    128      TLS_RSA_WITH_CAMELLIA_128_CBC_SHA                  
[4mTLSv1.2[m (server order)
 xc02f   ECDHE-RSA-AES128-GCM-SHA256       ECDH[0;32m 256[m   AESGCM      128      TLS_ECDHE_RSA_WITH_AES_128_GCM_SHA256              
 xc030   ECDHE-RSA-AES256-GCM-SHA384       ECDH[0;32m 256[m   AESGCM      256      TLS_ECDHE_RSA_WITH_AES_256_GCM_SHA384              
 x9e     DHE-RSA-AES128-GCM-SHA256         DH[0;32m 2048[m    AESGCM      128      TLS_DHE_RSA_WITH_AES_128_GCM_SHA256                
 x9f     DHE-RSA-AES256-GCM-SHA384         DH[0;32m 2048[m    AESGCM      256      TLS_DHE_RSA_WITH_AES_256_GCM_SHA384                
 xc027   ECDHE-RSA-AES128-SHA256           ECDH[0;32m 256[m   AES         128      TLS_ECDHE_RSA_WITH_AES_128_CBC_SHA256              
 xc013   ECDHE-RSA-AES128-SHA              ECDH[0;32m 256[m   AES         128      TLS_ECDHE_RSA_WITH_AES_128_CBC_SHA                 
 xc028   ECDHE-RSA-AES256-SHA384           ECDH[0;32m 256[m   AES         256      TLS_ECDHE_RSA_WITH_AES_256_CBC_SHA384              
 xc014   ECDHE-RSA-AES256-SHA              ECDH[0;32m 256[m   AES         256      TLS_ECDHE_RSA_WITH_AES_256_CBC_SHA                 
 x67     DHE-RSA-AES128-SHA256             DH[0;32m 2048[m    AES         128      TLS_DHE_RSA_WITH_AES_128_CBC_SHA256                
 x33     DHE-RSA-AES128-SHA                DH[0;32m 2048[m    AES         128      TLS_DHE_RSA_WITH_AES_128_CBC_SHA                   
 x6b     DHE-RSA-AES256-SHA256             DH[0;32m 2048[m    AES         256      TLS_DHE_RSA_WITH_AES_256_CBC_SHA256                
 x39     DHE-RSA-AES256-SHA                DH[0;32m 2048[m    AES         256      TLS_DHE_RSA_WITH_AES_256_CBC_SHA                   
 xc012   ECDHE-RSA-DES-CBC3-SHA            ECDH[0;32m 256[m   3DES        168      TLS_ECDHE_RSA_WITH_3DES_EDE_CBC_SHA                
 x9c     AES128-GCM-SHA256                 RSA        AESGCM      128      TLS_RSA_WITH_AES_128_GCM_SHA256                    
 x9d     AES256-GCM-SHA384                 RSA        AESGCM      256      TLS_RSA_WITH_AES_256_GCM_SHA384                    
 x3c     AES128-SHA256                     RSA        AES         128      TLS_RSA_WITH_AES_128_CBC_SHA256                    
 x3d     AES256-SHA256                     RSA        AES         256      TLS_RSA_WITH_AES_256_CBC_SHA256                    
 x2f     AES128-SHA                        RSA        AES         128      TLS_RSA_WITH_AES_128_CBC_SHA                       
 x35     AES256-SHA                        RSA        AES         256      TLS_RSA_WITH_AES_256_CBC_SHA                       
 x0a     DES-CBC3-SHA                      RSA        3DES        168      TLS_RSA_WITH_3DES_EDE_CBC_SHA                      
 x88     DHE-RSA-CAMELLIA256-SHA           DH[0;32m 2048[m    Camellia    256      TLS_DHE_RSA_WITH_CAMELLIA_256_CBC_SHA              
 x84     CAMELLIA256-SHA                   RSA        Camellia    256      TLS_RSA_WITH_CAMELLIA_256_CBC_SHA                  
 x45     DHE-RSA-CAMELLIA128-SHA           DH[0;32m 2048[m    Camellia    128      TLS_DHE_RSA_WITH_CAMELLIA_128_CBC_SHA              
 x41     CAMELLIA128-SHA                   RSA        Camellia    128      TLS_RSA_WITH_CAMELLIA_128_CBC_SHA                  
[4mTLSv1.3[m
 - 

[1m Has server cipher order?     [m[1;32myes (OK)[m


[1m[4m Testing robust forward secrecy (FS)[m[4m -- omitting Null Authentication/Encryption, 3DES, RC4 [m

[0;32m FS is offered (OK) [m          ECDHE-RSA-AES256-GCM-SHA384 ECDHE-RSA-AES256-SHA384
                              ECDHE-RSA-AES256-SHA DHE-RSA-AES256-GCM-SHA384 DHE-RSA-AES256-SHA256
                              DHE-RSA-AES256-SHA DHE-RSA-CAMELLIA256-SHA
                              ECDHE-RSA-AES128-GCM-SHA256 ECDHE-RSA-AES128-SHA256
                              ECDHE-RSA-AES128-SHA DHE-RSA-AES128-GCM-SHA256 DHE-RSA-AES128-SHA256
                              DHE-RSA-AES128-SHA DHE-RSA-CAMELLIA128-SHA 
[1m Elliptic curves offered:     [m[0;32mprime256v1[m 
[1m DH group offered:            [m[3mUnknown DH group[m ([0;32m2048 bits[m)
[1m TLS 1.2 sig_algs offered:    [mRSA+SHA512 RSA+SHA384 RSA+SHA256 RSA+SHA224 [1;33mRSA+SHA1[m 

[1m[4m Testing server defaults (Server Hello) [m

[1m TLS extensions (standard)    [m"server name/#0" "EC point formats/#11" "heartbeat/#15"
                              "application layer protocol negotiation/#16" "session ticket/#35"
                              "next protocol/#13172" "renegotiation info/#65281"
[1m Session Ticket RFC 5077 hint [m300 seconds, session tickets keys seems to be rotated < daily
[1m SSL Session ID support       [myes
[1m Session Resumption           [mTickets: yes, ID: no
[1m TLS clock skew[m               Random values, no fingerprinting possible 
[1m Client Authentication        [mnone
[1m Signature Algorithm          [m[0;32mSHA256 with RSA[m
[1m Server key size              [mRSA 2048 bits (exponent is 65537)
[1m Server key usage             [mDigital Signature, Key Encipherment
[1m Server extended key usage    [mTLS Web Server Authentication, TLS Web Client Authentication
[1m Serial                       [m06171E8FCA260A2A33194F1BE5A775E1C5ED (OK: length 18)
[1m Fingerprints                 [mSHA1 7103E9E67CF10EE0A72928FE8549A64FE566E048
                              SHA256 B45A532432D98F62B6EAF147320610F159998768DC8CFD732CA93578425AA508
[1m Common Name (CN)             [m[3m*.badssl.com [m (CN in response to request w/o SNI: [3mbadssl-fallback-unknown-subdomain-or-no-sni [m)
[1m subjectAltName (SAN)         [m[3m*.badssl.com badssl.com [m
[1m Trust (hostname)             [m[0;32mOk via SAN[m (SNI mandatory)
                              [1;33mwildcard certificate[m could be problematic, see other hosts at
                              https://search.censys.io/search?resource=hosts&virtual_hosts=INCLUDE&q=B45A532432D98F62B6EAF147320610F159998768DC8CFD732CA93578425AA508
[1m Chain of trust[m               [0;32mOk   [m[0;35m[m
[1m EV cert[m (experimental)       no 
[1m Certificate Validity (UTC)   [m[0;32m43 >= 30 days[m (2026-01-20 20:02 --> 2026-04-20 20:02)
[1m ETS/"eTLS"[m, visibility info  not present
[1m Certificate Revocation List  [mhttp://r13.c.lencr.org/110.crl
[1m OCSP URI                     [m--
[1m OCSP stapling                [mnot offered
[1m OCSP must staple extension   [m--
[1m DNS CAA RR[m (experimental)    [1;33mnot offered[m
[1m Certificate Transparency     [m[0;32myes[m (certificate extension)
[1m Certificates provided[m        2
[1m Issuer                       [m[3mR13[m ([3mLet's Encrypt[m from [3mUS[m)
[1m Intermediate cert validity   [m#1: [0;32mok > 40 days[m (2027-03-12 23:59). [3mR13[m <-- [3mISRG Root X1[m
[1m Intermediate Bad OCSP[m (exp.) [0;32mOk[m


[1m[4m Testing HTTP header response @ "/" [m

[1m HTTP Status Code           [m  200 OK
[1m HTTP clock skew              [m0 sec from localtime
[1m Strict Transport Security    [m[1;33mnot offered[m
[1m Public Key Pinning           [m--
[1m Server banner                [mnginx/[33m1(B[m.[33m1(B[m[33m0(B[m.[33m3(B[m ([33m[1mUbuntu(B[m)
[1m Application banner           [m--
[1m Cookie(s)                    [m(none issued at "/")
[1m Security headers             [mCache-Control: no-store
[1m Reverse Proxy banner         [m--


[1m[4m Testing vulnerabilities [m

[1m Heartbleed[m (CVE-2014-0160)                [1;32mnot vulnerable (OK)[m, timed out
[1m CCS[m (CVE-2014-0224)                       [1;32mnot vulnerable (OK)[m
[1m Ticketbleed[m (CVE-2016-9244), experiment.  [1;32mnot vulnerable (OK)[m
[1m ROBOT                                     [m[1;32mnot vulnerable (OK)[m
[1m Secure Renegotiation (RFC 5746)           [m[1;32msupported (OK)[m
[1m Secure Client-Initiated Renegotiation     [m[0;32mnot vulnerable (OK)[m
[1m CRIME, TLS [m(CVE-2012-4929)                [0;32mnot vulnerable (OK)[m
[1m BREACH[m (CVE-2013-3587)                    [0;33mpotentially NOT ok, "gzip" HTTP compression detected.[m - only supplied "/" tested
                                           Can be ignored for static pages or if no secrets in the page
[1m POODLE, SSL[m (CVE-2014-3566)               [1;32mnot vulnerable (OK)[m, no SSLv3 support
[1m TLS_FALLBACK_SCSV[m (RFC 7507)              [0;32mDowngrade attack prevention supported (OK)[m
[1m SWEET32[m (CVE-2016-2183, CVE-2016-6329)    [1;33mVULNERABLE[m, uses 64 bit block ciphers
[1m FREAK[m (CVE-2015-0204)                     [1;32mnot vulnerable (OK)[m
[1m DROWN[m (CVE-2016-0800, CVE-2016-0703)      [1;32mnot vulnerable on this host and port (OK)[m
                                           make sure you don't use this certificate elsewhere with SSLv2 enabled services, see
                                           https://search.censys.io/search?resource=hosts&virtual_hosts=INCLUDE&q=B45A532432D98F62B6EAF147320610F159998768DC8CFD732CA93578425AA508
[1m LOGJAM[m (CVE-2015-4000), experimental      [0;32mnot vulnerable (OK):[m no DH EXPORT ciphers, no common prime detected
[1m BEAST[m (CVE-2011-3389)                     TLS1: [1;33mECDHE-RSA-AES128-SHA ECDHE-RSA-AES256-SHA
                                                 DHE-RSA-AES128-SHA DHE-RSA-AES256-SHA AES128-SHA
                                                 AES256-SHA DHE-RSA-CAMELLIA256-SHA
                                                 CAMELLIA256-SHA DHE-RSA-CAMELLIA128-SHA
                                                 CAMELLIA128-SHA ECDHE-RSA-DES-CBC3-SHA
                                                 DES-CBC3-SHA [m
                                           [1;33mVULNERABLE[m -- but also supports higher protocols  TLSv1.1 TLSv1.2 (likely mitigated)
[1m LUCKY13[m (CVE-2013-0169), experimental     potentially [1;33mVULNERABLE[m, uses obsolete cipher block chaining ciphers with TLS, see server prefs.
[1m Winshock[m (CVE-2014-6321), experimental    [1;32mnot vulnerable (OK)[m - CAMELLIA or ECDHE_RSA GCM ciphers found
[1m RC4[m (CVE-2013-2566, CVE-2015-2808)        [0;32mno RC4 ciphers detected (OK)[m


[1m[4m Running client simulations [m[1m[4m(HTTP) [m[1m[4mvia sockets [m

 Browser                      Protocol  Cipher Suite Name (OpenSSL)       Forward Secrecy
------------------------------------------------------------------------------------------------
 Android 7.0 (native)         TLSv1.2   ECDHE-RSA-AES128-GCM-SHA256       [0;32m256 bit ECDH (P-256)[m
 Android 8.1 (native)         TLSv1.2   ECDHE-RSA-AES128-GCM-SHA256       [0;32m256 bit ECDH (P-256)[m
 Android 9.0 (native)         TLSv1.2   ECDHE-RSA-AES128-GCM-SHA256       [0;32m256 bit ECDH (P-256)[m
 Android 10.0 (native)        TLSv1.2   ECDHE-RSA-AES128-GCM-SHA256       [0;32m256 bit ECDH (P-256)[m
 Android 11/12 (native)       TLSv1.2   ECDHE-RSA-AES128-GCM-SHA256       [0;32m256 bit ECDH (P-256)[m
 Android 13/14 (native)       TLSv1.2   ECDHE-RSA-AES128-GCM-SHA256       [0;32m256 bit ECDH (P-256)[m
 Android 15 (native)          TLSv1.2   ECDHE-RSA-AES128-GCM-SHA256       [0;32m256 bit ECDH (P-256)[m
 Chrome 101 (Win 10)          TLSv1.2   ECDHE-RSA-AES128-GCM-SHA256       [0;32m256 bit ECDH (P-256)[m
 Chromium 137 (Win 11)        TLSv1.2   ECDHE-RSA-AES128-GCM-SHA256       [0;32m256 bit ECDH (P-256)[m
 Firefox 100 (Win 10)         TLSv1.2   ECDHE-RSA-AES128-GCM-SHA256       [0;32m256 bit ECDH (P-256)[m
 Firefox 137 (Win 11)         TLSv1.2   ECDHE-RSA-AES128-GCM-SHA256       [0;32m256 bit ECDH (P-256)[m
 IE 8 Win 7                   TLSv1.0   ECDHE-RSA-AES128-SHA              [0;32m256 bit ECDH (P-256)[m
 IE 11 Win 7                  TLSv1.2   DHE-RSA-AES128-GCM-SHA256         [0;32m2048 bit DH  [m
 IE 11 Win 8.1                TLSv1.2   DHE-RSA-AES128-GCM-SHA256         [0;32m2048 bit DH  [m
 IE 11 Win Phone 8.1          TLSv1.2   ECDHE-RSA-AES128-SHA256           [0;32m256 bit ECDH (P-256)[m
 IE 11 Win 10                 TLSv1.2   ECDHE-RSA-AES128-GCM-SHA256       [0;32m256 bit ECDH (P-256)[m
 Edge 15 Win 10               TLSv1.2   ECDHE-RSA-AES128-GCM-SHA256       [0;32m256 bit ECDH (P-256)[m
 Edge 101 Win 10 21H2         TLSv1.2   ECDHE-RSA-AES128-GCM-SHA256       [0;32m256 bit ECDH (P-256)[m
 Edge 133 Win 11 23H2         TLSv1.2   ECDHE-RSA-AES128-GCM-SHA256       [0;32m256 bit ECDH (P-256)[m
 Safari 18.4 (iOS 18.4)       TLSv1.2   ECDHE-RSA-AES128-GCM-SHA256       [0;32m256 bit ECDH (P-256)[m
 Safari 15.4 (macOS 12.3.1)   TLSv1.2   ECDHE-RSA-AES128-GCM-SHA256       [0;32m256 bit ECDH (P-256)[m
 Safari 18.4 (macOS 15.4)     TLSv1.2   ECDHE-RSA-AES128-GCM-SHA256       [0;32m256 bit ECDH (P-256)[m
 Java 7u25                    TLSv1.0   ECDHE-RSA-AES128-SHA              [0;32m256 bit ECDH (P-256)[m
 Java 8u442 (OpenJDK)         TLSv1.2   ECDHE-RSA-AES128-GCM-SHA256       [0;32m256 bit ECDH (P-256)[m
 Java 11.0.2 (OpenJDK)        TLSv1.2   ECDHE-RSA-AES128-GCM-SHA256       [0;32m256 bit ECDH (P-256)[m
 Java 17.0.3 (OpenJDK)        TLSv1.2   ECDHE-RSA-AES128-GCM-SHA256       [0;32m256 bit ECDH (P-256)[m
 Java 21.0.6 (OpenJDK)        TLSv1.2   ECDHE-RSA-AES128-GCM-SHA256       [0;32m256 bit ECDH (P-256)[m
 go 1.17.8                    TLSv1.2   ECDHE-RSA-AES128-GCM-SHA256       [0;32m256 bit ECDH (P-256)[m
 LibreSSL 3.3.6 (macOS)       TLSv1.2   ECDHE-RSA-AES128-GCM-SHA256       [0;32m256 bit ECDH (P-256)[m
 OpenSSL 1.0.2e               TLSv1.2   ECDHE-RSA-AES128-GCM-SHA256       [0;32m256 bit ECDH (P-256)[m
 OpenSSL 1.1.1d (Debian)      TLSv1.2   ECDHE-RSA-AES128-GCM-SHA256       [0;32m256 bit ECDH (P-256)[m
 OpenSSL 3.0.15 (Debian)      TLSv1.2   ECDHE-RSA-AES128-GCM-SHA256       [0;32m256 bit ECDH (P-256)[m
 OpenSSL 3.5.0 (git)          TLSv1.2   ECDHE-RSA-AES128-GCM-SHA256       [0;32m256 bit ECDH (P-256)[m
 Apple Mail (16.0)            TLSv1.2   ECDHE-RSA-AES128-GCM-SHA256       [0;32m256 bit ECDH (P-256)[m
 Thunderbird (91.9)           TLSv1.2   ECDHE-RSA-AES128-GCM-SHA256       [0;32m256 bit ECDH (P-256)[m


[1m[4m Rating (experimental) [m

[1m Rating specs[m (not complete)  SSL Labs's 'SSL Server Rating Guide' (version 2009r from 2025-05-16)
[1m Specification documentation  [mhttps://github.com/ssllabs/research/wiki/SSL-Server-Rating-Guide
[1m Protocol Support [m(weighted)  95 (28)
[1m Key Exchange [m    (weighted)  90 (27)
[1m Cipher Strength [m (weighted)  90 (36)
[1m Final Score                  [m91
[1m Overall Grade                [m[0;33mB[m
[1m Grade cap reasons            [mGrade capped to B. TLS 1.1 offered
                              Grade capped to B. TLS 1.0 offered
[1m Grade warning                [m[0;33mTLS 1.3 is not supported[m

[7m Done 2026-03-08 18:38:03 [0333s] -->> 104.154.89.105:443 (badssl.com) <<--[m


